<?xml version="1.0" encoding="UTF-8"?>
<!-- Generated by org.testng.reporters.JUnitReportReporter -->
<testsuite hostname="IBM-Testing01" name="listenerSuite.DependsOnMethodDemo1" tests="3" failures="0" timestamp="8 Jan 2020 08:45:16 GMT" time="0.004" errors="0">
  <testcase name="login" time="0.001" classname="listenerSuite.DependsOnMethodDemo1"/>
  <testcase name="logoff" time="0.001" classname="listenerSuite.DependsOnMethodDemo1"/>
  <testcase name="startapp" time="0.002" classname="listenerSuite.DependsOnMethodDemo1"/>
</testsuite> <!-- listenerSuite.DependsOnMethodDemo1 -->
