<?xml version="1.0" encoding="UTF-8"?>
<!-- Generated by org.testng.reporters.JUnitReportReporter -->
<testsuite hostname="IBM-Testing01" name="com.parallel.Parallel1" tests="4" failures="0" timestamp="8 Jan 2020 09:06:23 GMT" time="0.025" errors="0">
  <testcase name="testMethod2" time="0.003" classname="com.parallel.Parallel1"/>
  <testcase name="testMethod3" time="0.004" classname="com.parallel.Parallel1"/>
  <testcase name="testMethod1" time="0.016" classname="com.parallel.Parallel1"/>
  <testcase name="testMethod4" time="0.002" classname="com.parallel.Parallel1"/>
</testsuite> <!-- com.parallel.Parallel1 -->
