<?xml version="1.0" encoding="UTF-8"?>
<!-- Generated by org.testng.reporters.JUnitReportReporter -->
<testsuite hostname="IBM-Testing01" name="TestNGPack.DependsOnMethodDemo1" tests="3" failures="0" timestamp="6 Jan 2020 11:17:13 GMT" time="0.019" errors="0">
  <testcase name="startapp" time="0.017" classname="TestNGPack.DependsOnMethodDemo1"/>
  <testcase name="logoff" time="0.001" classname="TestNGPack.DependsOnMethodDemo1"/>
  <testcase name="login" time="0.001" classname="TestNGPack.DependsOnMethodDemo1"/>
</testsuite> <!-- TestNGPack.DependsOnMethodDemo1 -->
