<?xml version="1.0" encoding="UTF-8"?>
<!-- Generated by org.testng.reporters.JUnitReportReporter -->
<testsuite hostname="IBM-Testing01" name="TestNGPack.PriorityDemo1" tests="3" failures="0" timestamp="6 Jan 2020 11:06:45 GMT" time="0.020" errors="0">
  <testcase name="startapp" time="0.002" classname="TestNGPack.PriorityDemo1"/>
  <testcase name="logoff" time="0.003" classname="TestNGPack.PriorityDemo1"/>
  <testcase name="login" time="0.015" classname="TestNGPack.PriorityDemo1"/>
</testsuite> <!-- TestNGPack.PriorityDemo1 -->
