<?xml version="1.0" encoding="UTF-8"?>
<!-- Generated by org.testng.reporters.JUnitReportReporter -->
<testsuite hostname="IBM-Testing01" name="TestNGPack.TestNgDemo" tests="1" failures="0" timestamp="6 Jan 2020 10:04:16 GMT" time="0.016" errors="0">
  <testcase name="chechtitle" time="0.016" classname="TestNGPack.TestNgDemo"/>
</testsuite> <!-- TestNGPack.TestNgDemo -->
